Build started 12/15/2024 5:20:25 AM.
     1>Project "D:\users\epic\documents\visual studio 2013\Projects\ConsoleApplication2\ConsoleApplication2\ConsoleApplication2.vcxproj" on node 2 (Build target(s)).
     1>ClCompile:
         D:\Program Files (x86)\Microsoft Visual Studio 12.0\VC\bin\CL.exe /c /ZI /nologo /W3 /WX- /sdl /Od /Oy- /D WIN32 /D _DEBUG /D _CONSOLE /D _LIB /D _UNICODE /D UNICODE /Gm /EHsc /RTC1 /MDd /GS /fp:precise /Zc:wchar_t /Zc:forScope /Yc"stdafx.h" /Fp"Debug\ConsoleApplication2.pch" /Fo"Debug\\" /Fd"Debug\vc120.pdb" /Gd /TP /analyze- /errorReport:prompt stdafx.cpp
         stdafx.cpp
     1>d:\users\epic\documents\visual studio 2013\projects\consoleapplication2\consoleapplication2\stdafx.h(15): warning C4005: 'M_PI' : macro redefinition
                 d:\program files (x86)\microsoft visual studio 12.0\vc\include\math.h(1298) : see previous definition of 'M_PI'
         D:\Program Files (x86)\Microsoft Visual Studio 12.0\VC\bin\CL.exe /c /ZI /nologo /W3 /WX- /sdl /Od /Oy- /D WIN32 /D _DEBUG /D _CONSOLE /D _LIB /D _UNICODE /D UNICODE /Gm /EHsc /RTC1 /MDd /GS /fp:precise /Zc:wchar_t /Zc:forScope /Yu"stdafx.h" /Fp"Debug\ConsoleApplication2.pch" /Fo"Debug\\" /Fd"Debug\vc120.pdb" /Gd /TP /analyze- /errorReport:prompt ConsoleApplication2.cpp
         ConsoleApplication2.cpp
     1>d:\users\epic\documents\visual studio 2013\projects\consoleapplication2\consoleapplication2\consoleapplication2.cpp(19): warning C4552: '<' : operator has no effect; expected operator with side-effect
     1>d:\users\epic\documents\visual studio 2013\projects\consoleapplication2\consoleapplication2\consoleapplication2.cpp(29): warning C4552: '<' : operator has no effect; expected operator with side-effect
     1>d:\users\epic\documents\visual studio 2013\projects\consoleapplication2\consoleapplication2\consoleapplication2.cpp(34): warning C4552: '<' : operator has no effect; expected operator with side-effect
     1>d:\users\epic\documents\visual studio 2013\projects\consoleapplication2\consoleapplication2\consoleapplication2.cpp(60): warning C4244: 'initializing' : conversion from 'double' to 'int', possible loss of data
     1>d:\users\epic\documents\visual studio 2013\projects\consoleapplication2\consoleapplication2\consoleapplication2.cpp(61): warning C4244: 'argument' : conversion from 'float' to 'int', possible loss of data
     1>d:\users\epic\documents\visual studio 2013\projects\consoleapplication2\consoleapplication2\consoleapplication2.cpp(43): warning C4715: 'Hue' : not all control paths return a value
       Link:
         D:\Program Files (x86)\Microsoft Visual Studio 12.0\VC\bin\link.exe /ERRORREPORT:PROMPT /OUT:"D:\users\epic\documents\visual studio 2013\Projects\ConsoleApplication2\Debug\ConsoleApplication2.exe" /INCREMENTAL /NOLOGO kernel32.lib user32.lib gdi32.lib winspool.lib comdlg32.lib advapi32.lib shell32.lib ole32.lib oleaut32.lib uuid.lib odbc32.lib odbccp32.lib /MANIFEST /MANIFESTUAC:"level='asInvoker' uiAccess='false'" /manifest:embed /DEBUG /PDB:"D:\users\epic\documents\visual studio 2013\Projects\ConsoleApplication2\Debug\ConsoleApplication2.pdb" /SUBSYSTEM:CONSOLE /TLBID:1 /DYNAMICBASE /NXCOMPAT /IMPLIB:"D:\users\epic\documents\visual studio 2013\Projects\ConsoleApplication2\Debug\ConsoleApplication2.lib" /MACHINE:X86 Debug\ConsoleApplication2.obj
         Debug\stdafx.obj
         ConsoleApplication2.vcxproj -> D:\users\epic\documents\visual studio 2013\Projects\ConsoleApplication2\Debug\ConsoleApplication2.exe
     1>Done Building Project "D:\users\epic\documents\visual studio 2013\Projects\ConsoleApplication2\ConsoleApplication2\ConsoleApplication2.vcxproj" (Build target(s)).

Build succeeded.

Time Elapsed 00:00:00.93
